Start testing: Jul 16 09:38 CEST
----------------------------------------------------------
1/6 Testing: copyright
1/6 Test: copyright
Command: "/usr/bin/python3.10" "-u" "/home/vboxuser/ros2_iron/install/ament_cmake_test/share/ament_cmake_test/cmake/run_test.py" "/home/vboxuser/ros2_ws/build/examples_rclcpp_minimal_publisher/test_results/examples_rclcpp_minimal_publisher/copyright.xunit.xml" "--package-name" "examples_rclcpp_minimal_publisher" "--output-file" "/home/vboxuser/ros2_ws/build/examples_rclcpp_minimal_publisher/ament_copyright/copyright.txt" "--command" "/opt/ros/iron/bin/ament_copyright" "--xunit-file" "/home/vboxuser/ros2_ws/build/examples_rclcpp_minimal_publisher/test_results/examples_rclcpp_minimal_publisher/copyright.xunit.xml"
Directory: /home/vboxuser/ros2_ws/src/examples/rclcpp/topics/minimal_publisher
"copyright" start time: Jul 16 09:38 CEST
Output:
----------------------------------------------------------
-- run_test.py: invoking following command in '/home/vboxuser/ros2_ws/src/examples/rclcpp/topics/minimal_publisher':
 - /opt/ros/iron/bin/ament_copyright --xunit-file /home/vboxuser/ros2_ws/build/examples_rclcpp_minimal_publisher/test_results/examples_rclcpp_minimal_publisher/copyright.xunit.xml
No problems found, checked 6 files
-- run_test.py: return code 0
-- run_test.py: verify result file '/home/vboxuser/ros2_ws/build/examples_rclcpp_minimal_publisher/test_results/examples_rclcpp_minimal_publisher/copyright.xunit.xml'
<end of output>
Test time =   2.02 sec
----------------------------------------------------------
Test Passed.
"copyright" end time: Jul 16 09:38 CEST
"copyright" time elapsed: 00:00:02
----------------------------------------------------------

2/6 Testing: cppcheck
2/6 Test: cppcheck
Command: "/usr/bin/python3.10" "-u" "/home/vboxuser/ros2_iron/install/ament_cmake_test/share/ament_cmake_test/cmake/run_test.py" "/home/vboxuser/ros2_ws/build/examples_rclcpp_minimal_publisher/test_results/examples_rclcpp_minimal_publisher/cppcheck.xunit.xml" "--package-name" "examples_rclcpp_minimal_publisher" "--output-file" "/home/vboxuser/ros2_ws/build/examples_rclcpp_minimal_publisher/ament_cppcheck/cppcheck.txt" "--command" "/home/vboxuser/ros2_iron/install/ament_cppcheck/bin/ament_cppcheck" "--xunit-file" "/home/vboxuser/ros2_ws/build/examples_rclcpp_minimal_publisher/test_results/examples_rclcpp_minimal_publisher/cppcheck.xunit.xml"
Directory: /home/vboxuser/ros2_ws/src/examples/rclcpp/topics/minimal_publisher
"cppcheck" start time: Jul 16 09:38 CEST
Output:
----------------------------------------------------------
-- run_test.py: invoking following command in '/home/vboxuser/ros2_ws/src/examples/rclcpp/topics/minimal_publisher':
 - /home/vboxuser/ros2_iron/install/ament_cppcheck/bin/ament_cppcheck --xunit-file /home/vboxuser/ros2_ws/build/examples_rclcpp_minimal_publisher/test_results/examples_rclcpp_minimal_publisher/cppcheck.xunit.xml
cppcheck 2.7 has known performance issues and therefore will not be used, set the AMENT_CPPCHECK_ALLOW_SLOW_VERSIONS environment variable to override this.
-- run_test.py: return code 0
-- run_test.py: verify result file '/home/vboxuser/ros2_ws/build/examples_rclcpp_minimal_publisher/test_results/examples_rclcpp_minimal_publisher/cppcheck.xunit.xml'
<end of output>
Test time =   1.08 sec
----------------------------------------------------------
Test Passed.
"cppcheck" end time: Jul 16 09:38 CEST
"cppcheck" time elapsed: 00:00:01
----------------------------------------------------------

3/6 Testing: cpplint
3/6 Test: cpplint
Command: "/usr/bin/python3.10" "-u" "/home/vboxuser/ros2_iron/install/ament_cmake_test/share/ament_cmake_test/cmake/run_test.py" "/home/vboxuser/ros2_ws/build/examples_rclcpp_minimal_publisher/test_results/examples_rclcpp_minimal_publisher/cpplint.xunit.xml" "--package-name" "examples_rclcpp_minimal_publisher" "--output-file" "/home/vboxuser/ros2_ws/build/examples_rclcpp_minimal_publisher/ament_cpplint/cpplint.txt" "--command" "/home/vboxuser/ros2_iron/install/ament_cpplint/bin/ament_cpplint" "--xunit-file" "/home/vboxuser/ros2_ws/build/examples_rclcpp_minimal_publisher/test_results/examples_rclcpp_minimal_publisher/cpplint.xunit.xml"
Directory: /home/vboxuser/ros2_ws/src/examples/rclcpp/topics/minimal_publisher
"cpplint" start time: Jul 16 09:38 CEST
Output:
----------------------------------------------------------
-- run_test.py: invoking following command in '/home/vboxuser/ros2_ws/src/examples/rclcpp/topics/minimal_publisher':
 - /home/vboxuser/ros2_iron/install/ament_cpplint/bin/ament_cpplint --xunit-file /home/vboxuser/ros2_ws/build/examples_rclcpp_minimal_publisher/test_results/examples_rclcpp_minimal_publisher/cpplint.xunit.xml
Using '--root=..' argument

Done processing /home/vboxuser/ros2_ws/src/examples/rclcpp/topics/minimal_publisher/lambda.cpp

Done processing /home/vboxuser/ros2_ws/src/examples/rclcpp/topics/minimal_publisher/member_function.cpp

Done processing /home/vboxuser/ros2_ws/src/examples/rclcpp/topics/minimal_publisher/member_function_with_type_adapter.cpp

Done processing /home/vboxuser/ros2_ws/src/examples/rclcpp/topics/minimal_publisher/member_function_with_unique_network_flow_endpoints.cpp

Done processing /home/vboxuser/ros2_ws/src/examples/rclcpp/topics/minimal_publisher/member_function_with_wait_for_all_acked.cpp

Done processing /home/vboxuser/ros2_ws/src/examples/rclcpp/topics/minimal_publisher/not_composable.cpp

No problems found
-- run_test.py: return code 0
-- run_test.py: verify result file '/home/vboxuser/ros2_ws/build/examples_rclcpp_minimal_publisher/test_results/examples_rclcpp_minimal_publisher/cpplint.xunit.xml'
<end of output>
Test time =   1.47 sec
----------------------------------------------------------
Test Passed.
"cpplint" end time: Jul 16 09:38 CEST
"cpplint" time elapsed: 00:00:01
----------------------------------------------------------

4/6 Testing: lint_cmake
4/6 Test: lint_cmake
Command: "/usr/bin/python3.10" "-u" "/home/vboxuser/ros2_iron/install/ament_cmake_test/share/ament_cmake_test/cmake/run_test.py" "/home/vboxuser/ros2_ws/build/examples_rclcpp_minimal_publisher/test_results/examples_rclcpp_minimal_publisher/lint_cmake.xunit.xml" "--package-name" "examples_rclcpp_minimal_publisher" "--output-file" "/home/vboxuser/ros2_ws/build/examples_rclcpp_minimal_publisher/ament_lint_cmake/lint_cmake.txt" "--command" "/home/vboxuser/ros2_iron/install/ament_lint_cmake/bin/ament_lint_cmake" "--xunit-file" "/home/vboxuser/ros2_ws/build/examples_rclcpp_minimal_publisher/test_results/examples_rclcpp_minimal_publisher/lint_cmake.xunit.xml"
Directory: /home/vboxuser/ros2_ws/src/examples/rclcpp/topics/minimal_publisher
"lint_cmake" start time: Jul 16 09:38 CEST
Output:
----------------------------------------------------------
-- run_test.py: invoking following command in '/home/vboxuser/ros2_ws/src/examples/rclcpp/topics/minimal_publisher':
 - /home/vboxuser/ros2_iron/install/ament_lint_cmake/bin/ament_lint_cmake --xunit-file /home/vboxuser/ros2_ws/build/examples_rclcpp_minimal_publisher/test_results/examples_rclcpp_minimal_publisher/lint_cmake.xunit.xml

No problems found
-- run_test.py: return code 0
-- run_test.py: verify result file '/home/vboxuser/ros2_ws/build/examples_rclcpp_minimal_publisher/test_results/examples_rclcpp_minimal_publisher/lint_cmake.xunit.xml'
<end of output>
Test time =   1.23 sec
----------------------------------------------------------
Test Passed.
"lint_cmake" end time: Jul 16 09:38 CEST
"lint_cmake" time elapsed: 00:00:01
----------------------------------------------------------

5/6 Testing: uncrustify
5/6 Test: uncrustify
Command: "/usr/bin/python3.10" "-u" "/home/vboxuser/ros2_iron/install/ament_cmake_test/share/ament_cmake_test/cmake/run_test.py" "/home/vboxuser/ros2_ws/build/examples_rclcpp_minimal_publisher/test_results/examples_rclcpp_minimal_publisher/uncrustify.xunit.xml" "--package-name" "examples_rclcpp_minimal_publisher" "--output-file" "/home/vboxuser/ros2_ws/build/examples_rclcpp_minimal_publisher/ament_uncrustify/uncrustify.txt" "--command" "/home/vboxuser/ros2_iron/install/ament_uncrustify/bin/ament_uncrustify" "--xunit-file" "/home/vboxuser/ros2_ws/build/examples_rclcpp_minimal_publisher/test_results/examples_rclcpp_minimal_publisher/uncrustify.xunit.xml"
Directory: /home/vboxuser/ros2_ws/src/examples/rclcpp/topics/minimal_publisher
"uncrustify" start time: Jul 16 09:38 CEST
Output:
----------------------------------------------------------
-- run_test.py: invoking following command in '/home/vboxuser/ros2_ws/src/examples/rclcpp/topics/minimal_publisher':
 - /home/vboxuser/ros2_iron/install/ament_uncrustify/bin/ament_uncrustify --xunit-file /home/vboxuser/ros2_ws/build/examples_rclcpp_minimal_publisher/test_results/examples_rclcpp_minimal_publisher/uncrustify.xunit.xml
No code style divergence in file 'lambda.cpp'

No code style divergence in file 'member_function.cpp'

No code style divergence in file 'member_function_with_type_adapter.cpp'

No code style divergence in file 'member_function_with_unique_network_flow_endpoints.cpp'

No code style divergence in file 'member_function_with_wait_for_all_acked.cpp'

No code style divergence in file 'not_composable.cpp'

No problems found
-- run_test.py: return code 0
-- run_test.py: verify result file '/home/vboxuser/ros2_ws/build/examples_rclcpp_minimal_publisher/test_results/examples_rclcpp_minimal_publisher/uncrustify.xunit.xml'
<end of output>
Test time =   1.20 sec
----------------------------------------------------------
Test Passed.
"uncrustify" end time: Jul 16 09:38 CEST
"uncrustify" time elapsed: 00:00:01
----------------------------------------------------------

6/6 Testing: xmllint
6/6 Test: xmllint
Command: "/usr/bin/python3.10" "-u" "/home/vboxuser/ros2_iron/install/ament_cmake_test/share/ament_cmake_test/cmake/run_test.py" "/home/vboxuser/ros2_ws/build/examples_rclcpp_minimal_publisher/test_results/examples_rclcpp_minimal_publisher/xmllint.xunit.xml" "--package-name" "examples_rclcpp_minimal_publisher" "--output-file" "/home/vboxuser/ros2_ws/build/examples_rclcpp_minimal_publisher/ament_xmllint/xmllint.txt" "--command" "/home/vboxuser/ros2_iron/install/ament_xmllint/bin/ament_xmllint" "--xunit-file" "/home/vboxuser/ros2_ws/build/examples_rclcpp_minimal_publisher/test_results/examples_rclcpp_minimal_publisher/xmllint.xunit.xml"
Directory: /home/vboxuser/ros2_ws/src/examples/rclcpp/topics/minimal_publisher
"xmllint" start time: Jul 16 09:38 CEST
Output:
----------------------------------------------------------
-- run_test.py: invoking following command in '/home/vboxuser/ros2_ws/src/examples/rclcpp/topics/minimal_publisher':
 - /home/vboxuser/ros2_iron/install/ament_xmllint/bin/ament_xmllint --xunit-file /home/vboxuser/ros2_ws/build/examples_rclcpp_minimal_publisher/test_results/examples_rclcpp_minimal_publisher/xmllint.xunit.xml
File 'package.xml' is valid

No problems found
-- run_test.py: return code 0
-- run_test.py: verify result file '/home/vboxuser/ros2_ws/build/examples_rclcpp_minimal_publisher/test_results/examples_rclcpp_minimal_publisher/xmllint.xunit.xml'
<end of output>
Test time =   1.37 sec
----------------------------------------------------------
Test Passed.
"xmllint" end time: Jul 16 09:38 CEST
"xmllint" time elapsed: 00:00:01
----------------------------------------------------------

End testing: Jul 16 09:38 CEST

copyright =   2.02 sec*proc

cppcheck =   1.08 sec*proc

cpplint =   1.47 sec*proc

lint_cmake =   1.23 sec*proc

linter =   8.36 sec*proc

uncrustify =   1.20 sec*proc

xmllint =   1.37 sec*proc

