<?xml version="1.0" encoding="utf-8"?><testsuites><testsuite name="pytest" errors="0" failures="0" skipped="0" tests="3" time="3.578" timestamp="2025-07-16T09:39:11.446777" hostname="ubuntu22"><testcase classname="examples_rclpy_executors.executors.test.test_copyright" name="test_copyright" time="1.975" /><testcase classname="examples_rclpy_executors.executors.test.test_flake8" name="test_flake8" time="0.894" /><testcase classname="examples_rclpy_executors.executors.test.test_pep257" name="test_pep257" time="0.111" /></testsuite></testsuites>