Start testing: Jul 16 09:38 CEST
----------------------------------------------------------
1/6 Testing: copyright
1/6 Test: copyright
Command: "/usr/bin/python3.10" "-u" "/home/vboxuser/ros2_iron/install/ament_cmake_test/share/ament_cmake_test/cmake/run_test.py" "/home/vboxuser/ros2_ws/build/examples_rclcpp_minimal_composition/test_results/examples_rclcpp_minimal_composition/copyright.xunit.xml" "--package-name" "examples_rclcpp_minimal_composition" "--output-file" "/home/vboxuser/ros2_ws/build/examples_rclcpp_minimal_composition/ament_copyright/copyright.txt" "--command" "/opt/ros/iron/bin/ament_copyright" "--xunit-file" "/home/vboxuser/ros2_ws/build/examples_rclcpp_minimal_composition/test_results/examples_rclcpp_minimal_composition/copyright.xunit.xml"
Directory: /home/vboxuser/ros2_ws/src/examples/rclcpp/composition/minimal_composition
"copyright" start time: Jul 16 09:38 CEST
Output:
----------------------------------------------------------
-- run_test.py: invoking following command in '/home/vboxuser/ros2_ws/src/examples/rclcpp/composition/minimal_composition':
 - /opt/ros/iron/bin/ament_copyright --xunit-file /home/vboxuser/ros2_ws/build/examples_rclcpp_minimal_composition/test_results/examples_rclcpp_minimal_composition/copyright.xunit.xml
No problems found, checked 8 files
-- run_test.py: return code 0
-- run_test.py: verify result file '/home/vboxuser/ros2_ws/build/examples_rclcpp_minimal_composition/test_results/examples_rclcpp_minimal_composition/copyright.xunit.xml'
<end of output>
Test time =   2.31 sec
----------------------------------------------------------
Test Passed.
"copyright" end time: Jul 16 09:38 CEST
"copyright" time elapsed: 00:00:02
----------------------------------------------------------

2/6 Testing: cppcheck
2/6 Test: cppcheck
Command: "/usr/bin/python3.10" "-u" "/home/vboxuser/ros2_iron/install/ament_cmake_test/share/ament_cmake_test/cmake/run_test.py" "/home/vboxuser/ros2_ws/build/examples_rclcpp_minimal_composition/test_results/examples_rclcpp_minimal_composition/cppcheck.xunit.xml" "--package-name" "examples_rclcpp_minimal_composition" "--output-file" "/home/vboxuser/ros2_ws/build/examples_rclcpp_minimal_composition/ament_cppcheck/cppcheck.txt" "--command" "/home/vboxuser/ros2_iron/install/ament_cppcheck/bin/ament_cppcheck" "--xunit-file" "/home/vboxuser/ros2_ws/build/examples_rclcpp_minimal_composition/test_results/examples_rclcpp_minimal_composition/cppcheck.xunit.xml" "--include_dirs" "/home/vboxuser/ros2_ws/src/examples/rclcpp/composition/minimal_composition/include"
Directory: /home/vboxuser/ros2_ws/src/examples/rclcpp/composition/minimal_composition
"cppcheck" start time: Jul 16 09:38 CEST
Output:
----------------------------------------------------------
-- run_test.py: invoking following command in '/home/vboxuser/ros2_ws/src/examples/rclcpp/composition/minimal_composition':
 - /home/vboxuser/ros2_iron/install/ament_cppcheck/bin/ament_cppcheck --xunit-file /home/vboxuser/ros2_ws/build/examples_rclcpp_minimal_composition/test_results/examples_rclcpp_minimal_composition/cppcheck.xunit.xml --include_dirs /home/vboxuser/ros2_ws/src/examples/rclcpp/composition/minimal_composition/include
cppcheck 2.7 has known performance issues and therefore will not be used, set the AMENT_CPPCHECK_ALLOW_SLOW_VERSIONS environment variable to override this.
-- run_test.py: return code 0
-- run_test.py: verify result file '/home/vboxuser/ros2_ws/build/examples_rclcpp_minimal_composition/test_results/examples_rclcpp_minimal_composition/cppcheck.xunit.xml'
<end of output>
Test time =   1.23 sec
----------------------------------------------------------
Test Passed.
"cppcheck" end time: Jul 16 09:38 CEST
"cppcheck" time elapsed: 00:00:01
----------------------------------------------------------

3/6 Testing: cpplint
3/6 Test: cpplint
Command: "/usr/bin/python3.10" "-u" "/home/vboxuser/ros2_iron/install/ament_cmake_test/share/ament_cmake_test/cmake/run_test.py" "/home/vboxuser/ros2_ws/build/examples_rclcpp_minimal_composition/test_results/examples_rclcpp_minimal_composition/cpplint.xunit.xml" "--package-name" "examples_rclcpp_minimal_composition" "--output-file" "/home/vboxuser/ros2_ws/build/examples_rclcpp_minimal_composition/ament_cpplint/cpplint.txt" "--command" "/home/vboxuser/ros2_iron/install/ament_cpplint/bin/ament_cpplint" "--xunit-file" "/home/vboxuser/ros2_ws/build/examples_rclcpp_minimal_composition/test_results/examples_rclcpp_minimal_composition/cpplint.xunit.xml"
Directory: /home/vboxuser/ros2_ws/src/examples/rclcpp/composition/minimal_composition
"cpplint" start time: Jul 16 09:38 CEST
Output:
----------------------------------------------------------
-- run_test.py: invoking following command in '/home/vboxuser/ros2_ws/src/examples/rclcpp/composition/minimal_composition':
 - /home/vboxuser/ros2_iron/install/ament_cpplint/bin/ament_cpplint --xunit-file /home/vboxuser/ros2_ws/build/examples_rclcpp_minimal_composition/test_results/examples_rclcpp_minimal_composition/cpplint.xunit.xml
Using '--root=/home/vboxuser/ros2_ws/src/examples/rclcpp/composition/minimal_composition/include' argument

Done processing /home/vboxuser/ros2_ws/src/examples/rclcpp/composition/minimal_composition/include/minimal_composition/publisher_node.hpp

Done processing /home/vboxuser/ros2_ws/src/examples/rclcpp/composition/minimal_composition/include/minimal_composition/subscriber_node.hpp

Done processing /home/vboxuser/ros2_ws/src/examples/rclcpp/composition/minimal_composition/include/minimal_composition/visibility.h

Using '--root=/home/vboxuser/ros2_ws/src/examples/rclcpp/composition/minimal_composition/src' argument

Done processing /home/vboxuser/ros2_ws/src/examples/rclcpp/composition/minimal_composition/src/composed.cpp

Done processing /home/vboxuser/ros2_ws/src/examples/rclcpp/composition/minimal_composition/src/publisher_node.cpp

Done processing /home/vboxuser/ros2_ws/src/examples/rclcpp/composition/minimal_composition/src/standalone_publisher.cpp

Done processing /home/vboxuser/ros2_ws/src/examples/rclcpp/composition/minimal_composition/src/standalone_subscriber.cpp

Done processing /home/vboxuser/ros2_ws/src/examples/rclcpp/composition/minimal_composition/src/subscriber_node.cpp

No problems found
-- run_test.py: return code 0
-- run_test.py: verify result file '/home/vboxuser/ros2_ws/build/examples_rclcpp_minimal_composition/test_results/examples_rclcpp_minimal_composition/cpplint.xunit.xml'
<end of output>
Test time =   1.37 sec
----------------------------------------------------------
Test Passed.
"cpplint" end time: Jul 16 09:38 CEST
"cpplint" time elapsed: 00:00:01
----------------------------------------------------------

4/6 Testing: lint_cmake
4/6 Test: lint_cmake
Command: "/usr/bin/python3.10" "-u" "/home/vboxuser/ros2_iron/install/ament_cmake_test/share/ament_cmake_test/cmake/run_test.py" "/home/vboxuser/ros2_ws/build/examples_rclcpp_minimal_composition/test_results/examples_rclcpp_minimal_composition/lint_cmake.xunit.xml" "--package-name" "examples_rclcpp_minimal_composition" "--output-file" "/home/vboxuser/ros2_ws/build/examples_rclcpp_minimal_composition/ament_lint_cmake/lint_cmake.txt" "--command" "/home/vboxuser/ros2_iron/install/ament_lint_cmake/bin/ament_lint_cmake" "--xunit-file" "/home/vboxuser/ros2_ws/build/examples_rclcpp_minimal_composition/test_results/examples_rclcpp_minimal_composition/lint_cmake.xunit.xml"
Directory: /home/vboxuser/ros2_ws/src/examples/rclcpp/composition/minimal_composition
"lint_cmake" start time: Jul 16 09:38 CEST
Output:
----------------------------------------------------------
-- run_test.py: invoking following command in '/home/vboxuser/ros2_ws/src/examples/rclcpp/composition/minimal_composition':
 - /home/vboxuser/ros2_iron/install/ament_lint_cmake/bin/ament_lint_cmake --xunit-file /home/vboxuser/ros2_ws/build/examples_rclcpp_minimal_composition/test_results/examples_rclcpp_minimal_composition/lint_cmake.xunit.xml

No problems found
-- run_test.py: return code 0
-- run_test.py: verify result file '/home/vboxuser/ros2_ws/build/examples_rclcpp_minimal_composition/test_results/examples_rclcpp_minimal_composition/lint_cmake.xunit.xml'
<end of output>
Test time =   1.05 sec
----------------------------------------------------------
Test Passed.
"lint_cmake" end time: Jul 16 09:38 CEST
"lint_cmake" time elapsed: 00:00:01
----------------------------------------------------------

5/6 Testing: uncrustify
5/6 Test: uncrustify
Command: "/usr/bin/python3.10" "-u" "/home/vboxuser/ros2_iron/install/ament_cmake_test/share/ament_cmake_test/cmake/run_test.py" "/home/vboxuser/ros2_ws/build/examples_rclcpp_minimal_composition/test_results/examples_rclcpp_minimal_composition/uncrustify.xunit.xml" "--package-name" "examples_rclcpp_minimal_composition" "--output-file" "/home/vboxuser/ros2_ws/build/examples_rclcpp_minimal_composition/ament_uncrustify/uncrustify.txt" "--command" "/home/vboxuser/ros2_iron/install/ament_uncrustify/bin/ament_uncrustify" "--xunit-file" "/home/vboxuser/ros2_ws/build/examples_rclcpp_minimal_composition/test_results/examples_rclcpp_minimal_composition/uncrustify.xunit.xml"
Directory: /home/vboxuser/ros2_ws/src/examples/rclcpp/composition/minimal_composition
"uncrustify" start time: Jul 16 09:38 CEST
Output:
----------------------------------------------------------
-- run_test.py: invoking following command in '/home/vboxuser/ros2_ws/src/examples/rclcpp/composition/minimal_composition':
 - /home/vboxuser/ros2_iron/install/ament_uncrustify/bin/ament_uncrustify --xunit-file /home/vboxuser/ros2_ws/build/examples_rclcpp_minimal_composition/test_results/examples_rclcpp_minimal_composition/uncrustify.xunit.xml
No code style divergence in file 'include/minimal_composition/publisher_node.hpp'

No code style divergence in file 'include/minimal_composition/subscriber_node.hpp'

No code style divergence in file 'include/minimal_composition/visibility.h'

No code style divergence in file 'src/composed.cpp'

No code style divergence in file 'src/publisher_node.cpp'

No code style divergence in file 'src/standalone_publisher.cpp'

No code style divergence in file 'src/standalone_subscriber.cpp'

No code style divergence in file 'src/subscriber_node.cpp'

No problems found
-- run_test.py: return code 0
-- run_test.py: verify result file '/home/vboxuser/ros2_ws/build/examples_rclcpp_minimal_composition/test_results/examples_rclcpp_minimal_composition/uncrustify.xunit.xml'
<end of output>
Test time =   1.15 sec
----------------------------------------------------------
Test Passed.
"uncrustify" end time: Jul 16 09:38 CEST
"uncrustify" time elapsed: 00:00:01
----------------------------------------------------------

6/6 Testing: xmllint
6/6 Test: xmllint
Command: "/usr/bin/python3.10" "-u" "/home/vboxuser/ros2_iron/install/ament_cmake_test/share/ament_cmake_test/cmake/run_test.py" "/home/vboxuser/ros2_ws/build/examples_rclcpp_minimal_composition/test_results/examples_rclcpp_minimal_composition/xmllint.xunit.xml" "--package-name" "examples_rclcpp_minimal_composition" "--output-file" "/home/vboxuser/ros2_ws/build/examples_rclcpp_minimal_composition/ament_xmllint/xmllint.txt" "--command" "/home/vboxuser/ros2_iron/install/ament_xmllint/bin/ament_xmllint" "--xunit-file" "/home/vboxuser/ros2_ws/build/examples_rclcpp_minimal_composition/test_results/examples_rclcpp_minimal_composition/xmllint.xunit.xml"
Directory: /home/vboxuser/ros2_ws/src/examples/rclcpp/composition/minimal_composition
"xmllint" start time: Jul 16 09:38 CEST
Output:
----------------------------------------------------------
-- run_test.py: invoking following command in '/home/vboxuser/ros2_ws/src/examples/rclcpp/composition/minimal_composition':
 - /home/vboxuser/ros2_iron/install/ament_xmllint/bin/ament_xmllint --xunit-file /home/vboxuser/ros2_ws/build/examples_rclcpp_minimal_composition/test_results/examples_rclcpp_minimal_composition/xmllint.xunit.xml
File 'package.xml' is valid

No problems found
-- run_test.py: return code 0
-- run_test.py: verify result file '/home/vboxuser/ros2_ws/build/examples_rclcpp_minimal_composition/test_results/examples_rclcpp_minimal_composition/xmllint.xunit.xml'
<end of output>
Test time =   1.50 sec
----------------------------------------------------------
Test Passed.
"xmllint" end time: Jul 16 09:38 CEST
"xmllint" time elapsed: 00:00:01
----------------------------------------------------------

End testing: Jul 16 09:38 CEST

copyright =   2.31 sec*proc

cppcheck =   1.23 sec*proc

cpplint =   1.37 sec*proc

lint_cmake =   1.05 sec*proc

linter =   8.62 sec*proc

uncrustify =   1.15 sec*proc

xmllint =   1.50 sec*proc

